[    0.000000] Linux version 4.15.0-212-generic (buildd@lcy02-amd64-083) (gcc version 7.5.0 (Ubuntu 7.5.0-3ubuntu1~18.04)) #223-Ubuntu SMP Tue May 23 13:09:22 UTC 2023 (Ubuntu 4.15.0-212.223-generic 4.15.18)
[    0.000000] Command line: BOOT_IMAGE=/boot/vmlinuz-4.15.0-212-generic root=LABEL=cloudimg-rootfs ro console=tty1 console=ttyS0
[    0.000000] KERNEL supported cpus:
[    0.000000]   Intel GenuineIntel
[    0.000000]   AMD AuthenticAMD
[    0.000000]   Centaur CentaurHauls
[    0.000000] [Firmware Bug]: TSC doesn't count with P0 frequency!
[    0.000000] x86/fpu: x87 FPU will use FXSAVE
[    0.000000] e820: BIOS-provided physical RAM map:
[    0.000000] BIOS-e820: [mem 0x0000000000000000-0x000000000009fbff] usable
[    0.000000] BIOS-e820: [mem 0x000000000009fc00-0x000000000009ffff] reserved
[    0.000000] BIOS-e820: [mem 0x00000000000f0000-0x00000000000fffff] reserved
[    0.000000] BIOS-e820: [mem 0x0000000000100000-0x000000003ffeffff] usable
[    0.000000] BIOS-e820: [mem 0x000000003fff0000-0x000000003fffffff] ACPI data
[    0.000000] BIOS-e820: [mem 0x00000000fec00000-0x00000000fec00fff] reserved
[    0.000000] BIOS-e820: [mem 0x00000000fee00000-0x00000000fee00fff] reserved
[    0.000000] BIOS-e820: [mem 0x00000000fffc0000-0x00000000ffffffff] reserved
[    0.000000] NX (Execute Disable) protection: active
[    0.000000] SMBIOS 2.5 present.
[    0.000000] DMI: innotek GmbH VirtualBox/VirtualBox, BIOS VirtualBox 12/01/2006
[    0.000000] Hypervisor detected: KVM
[    0.000000] e820: last_pfn = 0x3fff0 max_arch_pfn = 0x400000000
[    0.000000] MTRR: Disabled
[    0.000000] x86/PAT: MTRRs disabled, skipping PAT initialization too.
[    0.000000] CPU MTRRs all blank - virtualized system.
[    0.000000] x86/PAT: Configuration [0-7]: WB  WT  UC- UC  WB  WT  UC- UC  
[    0.000000] found SMP MP-table at [mem 0x0009fff0-0x0009ffff]
[    0.000000] Scanning 1 areas for low memory corruption
[    0.000000] RAMDISK: [mem 0x359cb000-0x36cdcfff]
[    0.000000] ACPI: Early table checksum verification disabled
[    0.000000] ACPI: RSDP 0x00000000000E0000 000024 (v02 VBOX  )
[    0.000000] ACPI: XSDT 0x000000003FFF0030 00003C (v01 VBOX   VBOXXSDT 00000001 ASL  00000061)
[    0.000000] ACPI: FACP 0x000000003FFF00F0 0000F4 (v04 VBOX   VBOXFACP 00000001 ASL  00000061)
[    0.000000] ACPI: DSDT 0x000000003FFF0610 002353 (v02 VBOX   VBOXBIOS 00000002 INTL 20100528)
[    0.000000] ACPI: FACS 0x000000003FFF0200 000040
[    0.000000] ACPI: FACS 0x000000003FFF0200 000040
[    0.000000] ACPI: APIC 0x000000003FFF0240 00005C (v02 VBOX   VBOXAPIC 00000001 ASL  00000061)
[    0.000000] ACPI: SSDT 0x000000003FFF02A0 00036C (v01 VBOX   VBOXCPUT 00000002 INTL 20100528)
[    0.000000] ACPI: Reserving FACP table memory at [mem 0x3fff00f0-0x3fff01e3]
[    0.000000] ACPI: Reserving DSDT table memory at [mem 0x3fff0610-0x3fff2962]
[    0.000000] ACPI: Reserving FACS table memory at [mem 0x3fff0200-0x3fff023f]
[    0.000000] ACPI: Reserving FACS table memory at [mem 0x3fff0200-0x3fff023f]
[    0.000000] ACPI: Reserving APIC table memory at [mem 0x3fff0240-0x3fff029b]
[    0.000000] ACPI: Reserving SSDT table memory at [mem 0x3fff02a0-0x3fff060b]
[    0.000000] No NUMA configuration found
[    0.000000] Faking a node at [mem 0x0000000000000000-0x000000003ffeffff]
[    0.000000] NODE_DATA(0) allocated [mem 0x3ffc5000-0x3ffeffff]
[    0.000000] kvm-clock: cpu 0, msr 0:3ff44001, primary cpu clock
[    0.000000] kvm-clock: Using msrs 4b564d01 and 4b564d00
[    0.000000] kvm-clock: using sched offset of 4708391066 cycles
[    0.000000] clocksource: kvm-clock: mask: 0xffffffffffffffff max_cycles: 0x1cd42e4dffb, max_idle_ns: 881590591483 ns
[    0.000000] Zone ranges:
[    0.000000]   DMA      [mem 0x0000000000001000-0x0000000000ffffff]
[    0.000000]   DMA32    [mem 0x0000000001000000-0x000000003ffeffff]
[    0.000000]   Normal   empty
[    0.000000]   Device   empty
[    0.000000] Movable zone start for each node
[    0.000000] Early memory node ranges
[    0.000000]   node   0: [mem 0x0000000000001000-0x000000000009efff]
[    0.000000]   node   0: [mem 0x0000000000100000-0x000000003ffeffff]
[    0.000000] Reserved but unavailable: 104 pages
[    0.000000] Initmem setup node 0 [mem 0x0000000000001000-0x000000003ffeffff]
[    0.000000] ACPI: PM-Timer IO Port: 0x4008
[    0.000000] IOAPIC[0]: apic_id 2, version 32, address 0xfec00000, GSI 0-23
[    0.000000] ACPI: INT_SRC_OVR (bus 0 bus_irq 0 global_irq 2 dfl dfl)
[    0.000000] ACPI: INT_SRC_OVR (bus 0 bus_irq 9 global_irq 9 low level)
[    0.000000] Using ACPI (MADT) for SMP configuration information
[    0.000000] smpboot: Allowing 2 CPUs, 0 hotplug CPUs
[    0.000000] PM: Registered nosave memory: [mem 0x00000000-0x00000fff]
[    0.000000] PM: Registered nosave memory: [mem 0x0009f000-0x0009ffff]
[    0.000000] PM: Registered nosave memory: [mem 0x000a0000-0x000effff]
[    0.000000] PM: Registered nosave memory: [mem 0x000f0000-0x000fffff]
[    0.000000] e820: [mem 0x40000000-0xfebfffff] available for PCI devices
[    0.000000] Booting paravirtualized kernel on KVM
[    0.000000] clocksource: refined-jiffies: mask: 0xffffffff max_cycles: 0xffffffff, max_idle_ns: 7645519600211568 ns
[    0.000000] setup_percpu: NR_CPUS:8192 nr_cpumask_bits:2 nr_cpu_ids:2 nr_node_ids:1
[    0.000000] percpu: Embedded 50 pages/cpu s167936 r8192 d28672 u1048576
[    0.000000] PV qspinlock hash table entries: 256 (order: 0, 4096 bytes)
[    0.000000] Built 1 zonelists, mobility grouping on.  Total pages: 257913
[    0.000000] Policy zone: DMA32
[    0.000000] Kernel command line: BOOT_IMAGE=/boot/vmlinuz-4.15.0-212-generic root=LABEL=cloudimg-rootfs ro console=tty1 console=ttyS0
[    0.000000] Memory: 982644K/1048120K available (12300K kernel code, 2477K rwdata, 4324K rodata, 2480K init, 2720K bss, 65476K reserved, 0K cma-reserved)
[    0.000000] SLUB: HWalign=64, Order=0-3, MinObjects=0, CPUs=2, Nodes=1
[    0.000000] ftrace: allocating 39508 entries in 155 pages
[    0.004000] Hierarchical RCU implementation.
[    0.004000] 	RCU restricting CPUs from NR_CPUS=8192 to nr_cpu_ids=2.
[    0.004000] 	Tasks RCU enabled.
[    0.004000] RCU: Adjusting geometry for rcu_fanout_leaf=16, nr_cpu_ids=2
[    0.004000] NR_IRQS: 524544, nr_irqs: 440, preallocated irqs: 16
[    0.004000] random: crng init done
[    0.004000] Console: colour VGA+ 80x25
[    0.004000] console [tty1] enabled
[    0.004000] console [ttyS0] enabled
[    0.004000] ACPI: Core revision 20170831
[    0.004000] ACPI: 2 ACPI AML tables successfully acquired and loaded
[    0.004000] APIC: Switch to symmetric I/O mode setup
[    0.008000] ..TIMER: vector=0x30 apic1=0 pin1=2 apic2=-1 pin2=-1
[    0.008013] tsc: Detected 2095.996 MHz processor
[    0.012031] Calibrating delay loop (skipped) preset value.. 4191.99 BogoMIPS (lpj=8383984)
[    0.016013] pid_max: default: 32768 minimum: 301
[    0.020185] Security Framework initialized
[    0.024017] Yama: becoming mindful.
[    0.028180] AppArmor: AppArmor initialized
[    0.038586] Dentry cache hash table entries: 131072 (order: 8, 1048576 bytes)
[    0.046308] Inode-cache hash table entries: 65536 (order: 7, 524288 bytes)
[    0.048187] Mount-cache hash table entries: 2048 (order: 2, 16384 bytes)
[    0.052224] Mountpoint-cache hash table entries: 2048 (order: 2, 16384 bytes)
[    0.061783] Last level iTLB entries: 4KB 1024, 2MB 1024, 4MB 512
[    0.064009] Last level dTLB entries: 4KB 2048, 2MB 2048, 4MB 1024, 1GB 0
[    0.068011] Spectre V1 : Mitigation: usercopy/swapgs barriers and __user pointer sanitization
[    0.072011] Spectre V2 : Mitigation: Retpolines
[    0.076012] Spectre V2 : Spectre v2 / SpectreRSB mitigation: Filling RSB on context switch
[    0.080008] Spectre V2 : Spectre v2 / SpectreRSB : Filling RSB on VMEXIT
[    0.084008] RETBleed: Vulnerable
[    0.088345] Freeing SMP alternatives memory: 36K
[    0.213585] APIC calibration not consistent with PM-Timer: 102ms instead of 100ms
[    0.216000] APIC delta adjusted to PM-Timer: 6380412 (6514098)
[    0.216597] smpboot: CPU0: AMD Ryzen 5 5500U with Radeon Graphics (family: 0x17, model: 0x68, stepping: 0x1)
[    0.220897] Performance Events: PMU not available due to virtualization, using software events only.
[    0.224284] Hierarchical SRCU implementation.
[    0.229211] NMI watchdog: Perf event create on CPU 0 failed with -2
[    0.232012] NMI watchdog: Perf NMI watchdog permanently disabled
[    0.236749] smp: Bringing up secondary CPUs ...
[    0.244171] x86: Booting SMP configuration:
[    0.248010] .... node  #0, CPUs:      #1
[    0.004000] kvm-clock: cpu 1, msr 0:3ff44041, secondary cpu clock
[    0.263742] TSC synchronization [CPU#0 -> CPU#1]:
[    0.264000] Measured 118146 cycles TSC warp between CPUs, turning off TSC clock.
[    0.264000] tsc: Marking TSC unstable due to check_tsc_sync_source failed
[    0.268384] smp: Brought up 1 node, 2 CPUs
[    0.272032] smpboot: Max logical packages: 1
[    0.276018] smpboot: Total of 2 processors activated (8383.98 BogoMIPS)
[    0.284169] devtmpfs: initialized
[    0.292832] x86/mm: Memory block size: 128MB
[    0.300727] evm: security.selinux
[    0.308004] evm: security.SMACK64
[    0.316013] evm: security.SMACK64EXEC
[    0.328013] evm: security.SMACK64TRANSMUTE
[    0.340008] evm: security.SMACK64MMAP
[    0.344028] evm: security.apparmor
[    0.356008] evm: security.ima
[    0.360012] evm: security.capability
[    0.373006] clocksource: jiffies: mask: 0xffffffff max_cycles: 0xffffffff, max_idle_ns: 7645041785100000 ns
[    0.392050] futex hash table entries: 512 (order: 3, 32768 bytes)
[    0.408524] pinctrl core: initialized pinctrl subsystem
[    0.416946] RTC time: 23:29:05, date: 11/30/23
[    0.430054] NET: Registered protocol family 16
[    0.440302] audit: initializing netlink subsys (disabled)
[    0.452465] audit: type=2000 audit(1701386950.873:1): state=initialized audit_enabled=0 res=1
[    0.472164] cpuidle: using governor ladder
[    0.480499] cpuidle: using governor menu
[    0.489882] ACPI: bus type PCI registered
[    0.492009] acpiphp: ACPI Hot Plug PCI Controller Driver version: 0.5
[    0.496891] PCI: Using configuration type 1 for base access
[    0.500020] PCI: Using configuration type 1 for extended access
[    0.512641] HugeTLB registered 2.00 MiB page size, pre-allocated 0 pages
[    0.524051] ACPI: Added _OSI(Module Device)
[    0.528014] ACPI: Added _OSI(Processor Device)
[    0.536010] ACPI: Added _OSI(3.0 _SCP Extensions)
[    0.544008] ACPI: Added _OSI(Processor Aggregator Device)
[    0.548014] ACPI: Added _OSI(Linux-Dell-Video)
[    0.556008] ACPI: Added _OSI(Linux-Lenovo-NV-HDMI-Audio)
[    0.564009] ACPI: Added _OSI(Linux-HPI-Hybrid-Graphics)
[    0.574034] ACPI: Executed 1 blocks of module-level executable AML code
[    0.591948] ACPI: Interpreter enabled
[    0.596044] ACPI: (supports S0 S5)
[    0.600011] ACPI: Using IOAPIC for interrupt routing
[    0.608524] PCI: Using host bridge windows from ACPI; if necessary, use "pci=nocrs" and report a bug
[    0.620336] ACPI: Enabled 2 GPEs in block 00 to 07
[    0.638977] ACPI: PCI Root Bridge [PCI0] (domain 0000 [bus 00-ff])
[    0.648027] acpi PNP0A03:00: _OSC: OS supports [ExtendedConfig ASPM ClockPM Segments MSI]
[    0.660070] acpi PNP0A03:00: _OSC: platform does not support [PCIeCapability]
[    0.669099] acpi PNP0A03:00: _OSC: not requesting control; platform does not support [PCIeCapability]
[    0.680017] acpi PNP0A03:00: _OSC: OS requested [PCIeHotplug PME AER PCIeCapability]
[    0.692018] acpi PNP0A03:00: _OSC: platform willing to grant [PCIeHotplug PME AER]
[    0.704020] acpi PNP0A03:00: _OSC failed (AE_SUPPORT); disabling ASPM
[    0.716705] PCI host bridge to bus 0000:00
[    0.724017] pci_bus 0000:00: root bus resource [io  0x0000-0x0cf7 window]
[    0.732018] pci_bus 0000:00: root bus resource [io  0x0d00-0xffff window]
[    0.744014] pci_bus 0000:00: root bus resource [mem 0x000a0000-0x000bffff window]
[    0.752016] pci_bus 0000:00: root bus resource [mem 0x40000000-0xfdffffff window]
[    0.764014] pci_bus 0000:00: root bus resource [bus 00-ff]
[    0.781029] pci 0000:00:01.1: legacy IDE quirk: reg 0x10: [io  0x01f0-0x01f7]
[    0.788010] pci 0000:00:01.1: legacy IDE quirk: reg 0x14: [io  0x03f6]
[    0.796010] pci 0000:00:01.1: legacy IDE quirk: reg 0x18: [io  0x0170-0x0177]
[    0.804015] pci 0000:00:01.1: legacy IDE quirk: reg 0x1c: [io  0x0376]
[    0.840780] pci 0000:00:07.0: quirk: [io  0x4000-0x403f] claimed by PIIX4 ACPI
[    0.848065] pci 0000:00:07.0: quirk: [io  0x4100-0x410f] claimed by PIIX4 SMB
[    0.877587] ACPI: PCI Interrupt Link [LNKA] (IRQs 5 9 10 *11)
[    0.884818] ACPI: PCI Interrupt Link [LNKB] (IRQs 5 9 *10 11)
[    0.892363] ACPI: PCI Interrupt Link [LNKC] (IRQs 5 *9 10 11)
[    0.900670] ACPI: PCI Interrupt Link [LNKD] (IRQs 5 9 10 *11)
[    0.909411] SCSI subsystem initialized
[    0.920405] pci 0000:00:02.0: vgaarb: setting as boot VGA device
[    0.924000] pci 0000:00:02.0: vgaarb: VGA device added: decodes=io+mem,owns=io+mem,locks=none
[    0.944024] pci 0000:00:02.0: vgaarb: bridge control possible
[    0.952012] vgaarb: loaded
[    0.956142] ACPI: bus type USB registered
[    0.960031] usbcore: registered new interface driver usbfs
[    0.968016] usbcore: registered new interface driver hub
[    0.976023] usbcore: registered new device driver usb
[    0.984413] EDAC MC: Ver: 3.0.0
[    0.992469] PCI: Using ACPI for IRQ routing
[    1.000289] NetLabel: Initializing
[    1.004014] NetLabel:  domain hash size = 128
[    1.008009] NetLabel:  protocols = UNLABELED CIPSOv4 CALIPSO
[    1.012044] NetLabel:  unlabeled traffic allowed by default
[    1.021304] clocksource: Switched to clocksource kvm-clock
[    1.104028] VFS: Disk quotas dquot_6.6.0
[    1.112378] VFS: Dquot-cache hash table entries: 512 (order 0, 4096 bytes)
[    1.122423] AppArmor: AppArmor Filesystem Enabled
[    1.129105] pnp: PnP ACPI init
[    1.143336] pnp: PnP ACPI: found 3 devices
[    1.218606] clocksource: acpi_pm: mask: 0xffffff max_cycles: 0xffffff, max_idle_ns: 2085701024 ns
[    1.231770] NET: Registered protocol family 2
[    1.240041] IP idents hash table entries: 16384 (order: 5, 131072 bytes)
[    1.248746] TCP established hash table entries: 8192 (order: 4, 65536 bytes)
[    1.259002] TCP bind hash table entries: 8192 (order: 5, 131072 bytes)
[    1.270309] TCP: Hash tables configured (established 8192 bind 8192)
[    1.281705] UDP hash table entries: 512 (order: 2, 16384 bytes)
[    1.290316] UDP-Lite hash table entries: 512 (order: 2, 16384 bytes)
[    1.299370] NET: Registered protocol family 1
[    1.306114] pci 0000:00:00.0: Limiting direct PCI/PCI transfers
[    1.315581] pci 0000:00:01.0: Activating ISA DMA hang workarounds
[    1.327433] pci 0000:00:02.0: Video device with shadowed ROM at [mem 0x000c0000-0x000dffff]
[    1.341119] Unpacking initramfs...
[    1.363047] Freeing initrd memory: 19528K
[    2.066278] clocksource: tsc: mask: 0xffffffffffffffff max_cycles: 0x1e366a20b72, max_idle_ns: 440795237802 ns
[    2.078486] platform rtc_cmos: registered platform RTC device (no PNP device found)
[    2.089896] Scanning for low memory corruption every 60 seconds
[    2.101423] Initialise system trusted keyrings
[    2.108756] Key type blacklist registered
[    2.115414] workingset: timestamp_bits=36 max_order=18 bucket_order=0
[    2.127222] zbud: loaded
[    2.134015] squashfs: version 4.0 (2009/01/31) Phillip Lougher
[    2.143917] fuse init (API version 7.26)
[    2.204499] Key type asymmetric registered
[    2.210672] Asymmetric key parser 'x509' registered
[    2.217548] Block layer SCSI generic (bsg) driver version 0.4 loaded (major 246)
[    2.228164] io scheduler noop registered
[    2.233645] io scheduler deadline registered
[    2.239137] io scheduler cfq registered (default)
[    2.246198] ACPI: AC Adapter [AC] (off-line)
[    2.253052] input: Power Button as /devices/LNXSYSTM:00/LNXPWRBN:00/input/input0
[    2.262428] ACPI: Power Button [PWRF]
[    2.268701] input: Sleep Button as /devices/LNXSYSTM:00/LNXSLPBN:00/input/input1
[    2.278094] ACPI: Sleep Button [SLPF]
[    2.286750] ACPI: Battery Slot [BAT0] (battery present)
[    2.288772] Serial: 8250/16550 driver, 32 ports, IRQ sharing enabled
[    2.339526] 00:02: ttyS0 at I/O 0x3f8 (irq = 4, base_baud = 115200) is a 16550A
[    2.374832] Linux agpgart interface v0.103
[    2.395833] loop: module loaded
[    2.404897] scsi host0: ata_piix
[    2.412103] scsi host1: ata_piix
[    2.416053] ata1: PATA max UDMA/33 cmd 0x1f0 ctl 0x3f6 bmdma 0xd000 irq 14
[    2.424288] ata2: PATA max UDMA/33 cmd 0x170 ctl 0x376 bmdma 0xd008 irq 15
[    2.435074] tun: Universal TUN/TAP device driver, 1.6
[    2.442092] PPP generic driver version 2.4.2
[    2.448337] ehci_hcd: USB 2.0 'Enhanced' Host Controller (EHCI) Driver
[    2.456552] ehci-pci: EHCI PCI platform driver
[    2.462807] ehci-platform: EHCI generic platform driver
[    2.469465] ohci_hcd: USB 1.1 'Open' Host Controller (OHCI) Driver
[    2.477453] ohci-pci: OHCI PCI platform driver
[    2.484022] ohci-platform: OHCI generic platform driver
[    2.490611] uhci_hcd: USB Universal Host Controller Interface driver
[    2.498987] i8042: PNP: PS/2 Controller [PNP0303:PS2K,PNP0f03:PS2M] at 0x60,0x64 irq 1,12
[    2.516177] serio: i8042 KBD port at 0x60,0x64 irq 1
[    2.523353] serio: i8042 AUX port at 0x60,0x64 irq 12
[    2.532320] mousedev: PS/2 mouse device common for all mice
[    2.544014] rtc_cmos rtc_cmos: rtc core: registered rtc_cmos as rtc0
[    2.553571] rtc_cmos rtc_cmos: alarms up to one day, 114 bytes nvram
[    2.553800] input: AT Translated Set 2 keyboard as /devices/platform/i8042/serio0/input/input2
[    2.562579] i2c /dev entries driver
[    2.578955] device-mapper: uevent: version 1.0.3
[    2.585274] device-mapper: ioctl: 4.37.0-ioctl (2017-09-20) initialised: dm-devel@redhat.com
[    2.662959] ledtrig-cpu: registered to indicate activity on CPUs
[    2.674510] NET: Registered protocol family 10
[    2.696511] Segment Routing with IPv6
[    2.702124] NET: Registered protocol family 17
[    2.709729] Key type dns_resolver registered
[    2.716403] mce: Using 0 MCE banks
[    2.720885] RAS: Correctable Errors collector initialized.
[    2.728816] sched_clock: Marking stable (2728690376, 0)->(3752618361, -1023927985)
[    2.745151] registered taskstats version 1
[    2.750602] Loading compiled-in X.509 certificates
[    2.763805] Loaded X.509 cert 'Build time autogenerated kernel key: b5b26778eaa3ab3a4a6cee031137706e947d12ad'
[    2.776600] Loaded X.509 cert 'Canonical Ltd. Live Patch Signing: 14df34d1a87cf37625abec039ef2bf521249b969'
[    2.789149] Loaded X.509 cert 'Canonical Ltd. Kernel Module Signing: 88f752e560a1e0737e31163a466ad7b70a850c19'
[    2.800814] blacklist: Loading compiled-in revocation X.509 certificates
[    2.808537] Loaded X.509 cert 'Canonical Ltd. Secure Boot Signing: 61482aa2830d0ab2ad5af10b7250da9033ddcef0'
[    2.820681] Loaded X.509 cert 'Canonical Ltd. Secure Boot Signing (2017): 242ade75ac4a15e50d50c84b0d45ff3eae707a03'
[    2.833989] Loaded X.509 cert 'Canonical Ltd. Secure Boot Signing (ESM 2018): 365188c1d374d6b07c3c8f240f8ef722433d6a8b'
[    2.846404] Loaded X.509 cert 'Canonical Ltd. Secure Boot Signing (2019): c0746fd6c5da3ae827864651ad66ae47fe24b3e8'
[    2.859739] Loaded X.509 cert 'Canonical Ltd. Secure Boot Signing (2021 v1): a8d54bbb3825cfb94fa13c9f8a594a195c107b8d'
[    2.874820] Loaded X.509 cert 'Canonical Ltd. Secure Boot Signing (2021 v2): 4cf046892d6fd3c9a5b03f98d845f90851dc6a8c'
[    2.887881] Loaded X.509 cert 'Canonical Ltd. Secure Boot Signing (2021 v3): 100437bb6de6e469b581e61cd66bce3ef4ed53af'
[    2.899521] Loaded X.509 cert 'Canonical Ltd. Secure Boot Signing (Ubuntu Core 2019): c1d57b8f6b743f23ee41f4f7ee292f06eecadfb9'
[    2.914176] zswap: loaded using pool lzo/zbud
[    2.938226] Key type big_key registered
[    2.944163] Key type trusted registered
[    2.958734] Key type encrypted registered
[    2.963780] AppArmor: AppArmor sha1 policy hashing enabled
[    2.971241] ima: No TPM chip found, activating TPM-bypass! (rc=-19)
[    2.979669] ima: Allocated hash algorithm: sha1
[    2.985679] evm: HMAC attrs: 0x1
[    2.991881]   Magic number: 15:653:505
[    2.997654] i8042 i8042: hash matches
[    3.013375] rtc_cmos rtc_cmos: setting system clock to 2023-11-30 23:29:07 UTC (1701386947)
[    3.023629] BIOS EDD facility v0.16 2004-Jun-25, 0 devices found
[    3.032979] EDD information not available.
[    3.041932] Freeing unused kernel image memory: 2480K
[    3.064794] Write protecting the kernel read-only data: 20480k
[    3.075001] Freeing unused kernel image memory: 2008K
[    3.082532] Freeing unused kernel image memory: 1820K
[    3.097424] x86/mm: Checked W+X mappings: passed, no W+X pages found.
Loading, please wait...
starting version 237
[    3.251454] e1000: Intel(R) PRO/1000 Network Driver - version 7.3.21-k8-NAPI
[    3.261053] e1000: Copyright (c) 1999-2006 Intel Corporation.
[    3.296546] Fusion MPT base driver 3.04.20
[    3.304551] Copyright (c) 1999-2008 LSI Corporation
[    3.336125] SSE version of gcm_enc/dec engaged.
[    3.362849] Fusion MPT SPI Host driver 3.04.20
[    3.595298] input: ImExPS/2 Generic Explorer Mouse as /devices/platform/i8042/serio1/input/input4
[    4.220236] e1000 0000:00:03.0 eth0: (PCI:33MHz:32-bit) 02:3b:7b:b7:3b:2d
[    4.228787] e1000 0000:00:03.0 eth0: Intel(R) PRO/1000 Network Connection
[    4.972457] e1000 0000:00:08.0 eth1: (PCI:33MHz:32-bit) 08:00:27:77:5a:c3
[    4.980202] e1000 0000:00:08.0 eth1: Intel(R) PRO/1000 Network Connection
[    4.994594] e1000 0000:00:08.0 enp0s8: renamed from eth1
[    5.000636] mptbase: ioc0: Initiating bringup
[    5.021759] e1000 0000:00:03.0 enp0s3: renamed from eth0
[    5.123937] ioc0: LSI53C1030 A0: Capabilities={Initiator}
[    6.200704] scsi host2: ioc0: LSI53C1030 A0, FwRev=00000000h, Ports=1, MaxQ=256, IRQ=20
[    6.968945] scsi 2:0:0:0: Direct-Access     VBOX     HARDDISK         1.0  PQ: 0 ANSI: 5
[    7.028208] scsi target2:0:0: Beginning Domain Validation
[    7.043615] scsi target2:0:0: Domain Validation skipping write tests
[    7.050300] scsi target2:0:0: Ending Domain Validation
[    7.056650] scsi target2:0:0: asynchronous
[    7.063716] scsi 2:0:1:0: Direct-Access     VBOX     HARDDISK         1.0  PQ: 0 ANSI: 5
[    7.260736] scsi target2:0:1: Beginning Domain Validation
[    7.275604] scsi target2:0:1: Domain Validation skipping write tests
[    7.282818] scsi target2:0:1: Ending Domain Validation
[    7.289627] scsi target2:0:1: asynchronous
[    7.311679] sd 2:0:0:0: Attached scsi generic sg0 type 0
[    7.319376] sd 2:0:0:0: [sda] 83886080 512-byte logical blocks: (42.9 GB/40.0 GiB)
[    7.322793] sd 2:0:1:0: [sdb] 20480 512-byte logical blocks: (10.5 MB/10.0 MiB)
[    7.331066] sd 2:0:1:0: Attached scsi generic sg1 type 0
[    7.341373] sd 2:0:1:0: [sdb] Write Protect is off
[    7.347484] sd 2:0:0:0: [sda] Write Protect is off
[    7.366274] sd 2:0:0:0: [sda] Incomplete mode parameter data
[    7.366634] sd 2:0:1:0: [sdb] Incomplete mode parameter data
[    7.377166] sd 2:0:0:0: [sda] Assuming drive cache: write through
[    7.395744] sd 2:0:1:0: [sdb] Assuming drive cache: write through
[    7.424213]  sda: sda1
[    7.434667] sd 2:0:0:0: [sda] Attached SCSI disk
[    7.435197] sd 2:0:1:0: [sdb] Attached SCSI disk
Begin: Loading essential drivers ... [    9.804483] raid6: sse2x1   gen()  5677 MB/s
[    9.856170] raid6: sse2x1   xor()  4942 MB/s
[    9.909110] raid6: sse2x2   gen() 11576 MB/s
[    9.960268] raid6: sse2x2   xor()  6883 MB/s
[   10.008207] raid6: sse2x4   gen() 12797 MB/s
[   10.061390] raid6: sse2x4   xor()  6084 MB/s
[   10.067924] raid6: using algorithm sse2x4 gen() 12797 MB/s
[   10.075951] raid6: .... xor() 6084 MB/s, rmw enabled
[   10.081801] raid6: using ssse3x2 recovery algorithm
[   10.093096] xor: measuring software checksum speed
